<?xml version="1.0" encoding="UTF-8"?>
<testng-results ignored="0" total="1" passed="1" failed="0" skipped="0">
  <reporter-output>
  </reporter-output>
  <suite started-at="2024-02-18T13:35:33 EST" name="Default suite" finished-at="2024-02-18T13:35:50 EST" duration-ms="16563">
    <groups>
    </groups>
    <test started-at="2024-02-18T13:35:33 EST" name="Default test" finished-at="2024-02-18T13:35:50 EST" duration-ms="16563">
      <class name="tdigital.ksight.LoginTest">
        <test-method signature="TC_login1()[pri:0, instance:tdigital.ksight.LoginTest@51399530]" started-at="2024-02-18T13:35:33 EST" name="TC_login1" finished-at="2024-02-18T13:35:50 EST" duration-ms="16459" status="PASS">
          <reporter-output>
          </reporter-output>
        </test-method> <!-- TC_login1 -->
      </class> <!-- tdigital.ksight.LoginTest -->
    </test> <!-- Default test -->
  </suite> <!-- Default suite -->
</testng-results>
