<?xml version="1.0" encoding="UTF-8"?>
<testng-results ignored="0" total="1" passed="1" failed="0" skipped="0">
  <reporter-output>
  </reporter-output>
  <suite started-at="2024-02-12T01:04:16 EST" name="Suite" finished-at="2024-02-12T01:04:30 EST" duration-ms="13677">
    <groups>
    </groups>
    <test started-at="2024-02-12T01:04:16 EST" name="Test" finished-at="2024-02-12T01:04:30 EST" duration-ms="13677">
      <class name="tdigital.ksight.LoginTest">
        <test-method signature="TC_login1()[pri:0, instance:tdigital.ksight.LoginTest@3b6ddd1d]" started-at="2024-02-12T01:04:16 EST" name="TC_login1" finished-at="2024-02-12T01:04:30 EST" duration-ms="13609" status="PASS">
          <reporter-output>
          </reporter-output>
        </test-method> <!-- TC_login1 -->
      </class> <!-- tdigital.ksight.LoginTest -->
    </test> <!-- Test -->
  </suite> <!-- Suite -->
</testng-results>
